Using pre-set license
Built from '2021.2/staging' branch; Version is '2021.2.7f1 (6bd9e232123f) revision 7068130'; Using compiler version '192829333'; Build Type 'Release'
OS: 'Windows 10  (10.0.19043) 64bit Professional' Language: 'tr' Physical Memory: 16315 MB
BatchMode: 1, IsHumanControllingUs: 0, StartBugReporterOnCrash: 0, Is64bit: 1, IsPro: 0

COMMAND LINE ARGUMENTS:
C:\Program Files\Unity\Hub\Editor\2021.2.7f1\Editor\Unity.exe
-adb2
-batchMode
-noUpm
-name
AssetImportWorker3
-projectPath
C:/Users/aki/Runner
-logFile
Logs/AssetImportWorker3.log
-srvPort
58487
Successfully changed project path to: C:/Users/aki/Runner
C:/Users/aki/Runner
[UnityMemory] Configuration Parameters - Can be set up in boot.config
    "memorysetup-bucket-allocator-granularity=16"
    "memorysetup-bucket-allocator-bucket-count=8"
    "memorysetup-bucket-allocator-block-size=33554432"
    "memorysetup-bucket-allocator-block-count=8"
    "memorysetup-main-allocator-block-size=16777216"
    "memorysetup-thread-allocator-block-size=16777216"
    "memorysetup-gfx-main-allocator-block-size=16777216"
    "memorysetup-gfx-thread-allocator-block-size=16777216"
    "memorysetup-cache-allocator-block-size=4194304"
    "memorysetup-typetree-allocator-block-size=2097152"
    "memorysetup-profiler-bucket-allocator-granularity=16"
    "memorysetup-profiler-bucket-allocator-bucket-count=8"
    "memorysetup-profiler-bucket-allocator-block-size=33554432"
    "memorysetup-profiler-bucket-allocator-block-count=8"
    "memorysetup-profiler-allocator-block-size=16777216"
    "memorysetup-profiler-editor-allocator-block-size=1048576"
    "memorysetup-temp-allocator-size-main=16777216"
    "memorysetup-job-temp-allocator-block-size=2097152"
    "memorysetup-job-temp-allocator-block-size-background=1048576"
    "memorysetup-job-temp-allocator-reduction-small-platforms=262144"
    "memorysetup-temp-allocator-size-background-worker=32768"
    "memorysetup-temp-allocator-size-job-worker=262144"
    "memorysetup-temp-allocator-size-preload-manager=33554432"
    "memorysetup-temp-allocator-size-nav-mesh-worker=65536"
    "memorysetup-temp-allocator-size-audio-worker=65536"
    "memorysetup-temp-allocator-size-cloud-worker=32768"
    "memorysetup-temp-allocator-size-gi-baking-worker=262144"
    "memorysetup-temp-allocator-size-gfx=262144"
Refreshing native plugins compatible for Editor in 128.86 ms, found 3 plugins.
Preloading 0 native plugins for Editor in 0.00 ms.
Initialize engine version: 2021.2.7f1 (6bd9e232123f)
[Subsystems] Discovering subsystems at path C:/Program Files/Unity/Hub/Editor/2021.2.7f1/Editor/Data/Resources/UnitySubsystems
[Subsystems] Discovering subsystems at path C:/Users/aki/Runner/Assets
GfxDevice: creating device client; threaded=0; jobified=0
Direct3D:
    Version:  Direct3D 11.0 [level 11.1]
    Renderer: NVIDIA GeForce GTX 1080 (ID=0x1b80)
    Vendor:   NVIDIA
    VRAM:     8079 MB
    Driver:   30.0.15.1215
Initialize mono
Mono path[0] = 'C:/Program Files/Unity/Hub/Editor/2021.2.7f1/Editor/Data/Managed'
Mono path[1] = 'C:/Program Files/Unity/Hub/Editor/2021.2.7f1/Editor/Data/MonoBleedingEdge/lib/mono/unityjit-win32'
Mono config path = 'C:/Program Files/Unity/Hub/Editor/2021.2.7f1/Editor/Data/MonoBleedingEdge/etc'
Using monoOptions --debugger-agent=transport=dt_socket,embedding=1,server=y,suspend=n,address=127.0.0.1:56920
Begin MonoManager ReloadAssembly
Registering precompiled unity dll's ...
Register platform support module: C:/Program Files/Unity/Hub/Editor/2021.2.7f1/Editor/Data/PlaybackEngines/WindowsStandaloneSupport/UnityEditor.WindowsStandalone.Extensions.dll
Registered in 0.015467 seconds.
Native extension for WindowsStandalone target not found
Refreshing native plugins compatible for Editor in 118.46 ms, found 3 plugins.
Preloading 0 native plugins for Editor in 0.00 ms.
Mono: successfully reloaded assembly
- Completed reload, in  0.890 seconds
Domain Reload Profiling:
	ReloadAssembly (891ms)
		BeginReloadAssembly (116ms)
			ExecutionOrderSort (0ms)
			DisableScriptedObjects (0ms)
			BackupInstance (0ms)
			ReleaseScriptingObjects (0ms)
			CreateAndSetChildDomain (1ms)
		EndReloadAssembly (646ms)
			LoadAssemblies (112ms)
			RebuildTransferFunctionScriptingTraits (0ms)
			SetupTypeCache (143ms)
			ReleaseScriptCaches (0ms)
			RebuildScriptCaches (37ms)
			SetupLoadedEditorAssemblies (386ms)
				LogAssemblyErrors (0ms)
				InitializePlatformSupportModulesInManaged (24ms)
				SetLoadedEditorAssemblies (0ms)
				RefreshPlugins (119ms)
				BeforeProcessingInitializeOnLoad (2ms)
				ProcessInitializeOnLoadAttributes (176ms)
				ProcessInitializeOnLoadMethodAttributes (65ms)
				AfterProcessingInitializeOnLoad (0ms)
				EditorAssembliesLoaded (0ms)
			ExecutionOrderSort2 (0ms)
			AwakeInstancesAfterBackupRestoration (0ms)
Platform modules already initialized, skipping
Registering precompiled user dll's ...
Registered in 0.023712 seconds.
Begin MonoManager ReloadAssembly
Symbol file LoadedFromMemory doesn't match image C:\Users\aki\Runner\Library\PackageCache\com.unity.visualscripting@1.7.8\Editor\VisualScripting.Core\Dependencies\YamlDotNet\Unity.VisualScripting.YamlDotNet.dll
Symbol file LoadedFromMemory doesn't match image C:\Users\aki\Runner\Library\PackageCache\com.unity.visualscripting@1.7.8\Editor\VisualScripting.Core\Dependencies\DotNetZip\Unity.VisualScripting.IonicZip.dll
Native extension for WindowsStandalone target not found
Refreshing native plugins compatible for Editor in 0.96 ms, found 3 plugins.
Preloading 0 native plugins for Editor in 0.00 ms.
Mono: successfully reloaded assembly
- Completed reload, in  1.511 seconds
Domain Reload Profiling:
	ReloadAssembly (1512ms)
		BeginReloadAssembly (164ms)
			ExecutionOrderSort (0ms)
			DisableScriptedObjects (8ms)
			BackupInstance (0ms)
			ReleaseScriptingObjects (0ms)
			CreateAndSetChildDomain (26ms)
		EndReloadAssembly (1196ms)
			LoadAssemblies (127ms)
			RebuildTransferFunctionScriptingTraits (0ms)
			SetupTypeCache (360ms)
			ReleaseScriptCaches (1ms)
			RebuildScriptCaches (74ms)
			SetupLoadedEditorAssemblies (589ms)
				LogAssemblyErrors (0ms)
				InitializePlatformSupportModulesInManaged (18ms)
				SetLoadedEditorAssemblies (1ms)
				RefreshPlugins (1ms)
				BeforeProcessingInitializeOnLoad (124ms)
				ProcessInitializeOnLoadAttributes (398ms)
				ProcessInitializeOnLoadMethodAttributes (32ms)
				AfterProcessingInitializeOnLoad (16ms)
				EditorAssembliesLoaded (0ms)
			ExecutionOrderSort2 (0ms)
			AwakeInstancesAfterBackupRestoration (8ms)
Platform modules already initialized, skipping
========================================================================
Worker process is ready to serve import requests
Launched and connected shader compiler UnityShaderCompiler.exe after 0.08 seconds
Refreshing native plugins compatible for Editor in 1.62 ms, found 3 plugins.
Preloading 0 native plugins for Editor in 0.00 ms.
Unloading 4210 Unused Serialized files (Serialized files now loaded: 0)
Unloading 43 unused Assets / (345.2 KB). Loaded Objects now: 4794.
Memory consumption went from 143.3 MB to 143.0 MB.
Total: 5.088000 ms (FindLiveObjects: 0.584800 ms CreateObjectMapping: 0.331600 ms MarkObjects: 4.002100 ms  DeleteObjects: 0.167500 ms)

AssetImportParameters requested are different than current active one (requested -> active):
  custom:video-decoder-ogg-theora: a1e56fd34408186e4bbccfd4996cb3dc -> 
  custom:container-muxer-webm: aa71ff27fc2769a1b78a27578f13a17b -> 
  custom:container-demuxer-webm: 4f35f7cbe854078d1ac9338744f61a02 -> 
  custom:video-encoder-webm-vp8: eb34c28f22e8b96e1ab97ce403110664 -> 
  custom:audio-encoder-webm-vorbis: bf7c407c2cedff20999df2af8eb42d56 -> 
  custom:framework-win-MediaFoundation: 216162199b28c13a410421893ffa2e32 -> 
  custom:container-demuxer-ogg: 62fdf1f143b41e24485cea50d1cbac27 -> 
  custom:video-decoder-webm-vp8: 9c59270c3fd7afecdb556c50c9e8de78 -> 
  custom:audio-decoder-ogg-vorbis: bf7c407c2cedff20999df2af8eb42d56 -> 
========================================================================
Received Import Request.
  Time since last request: 252575.985925 seconds.
  path: Assets/PlayMaker/Editor/Watermarks/GUISlider.png
  artifactKey: Guid(dc6822d89dddd4741b77cc4b63547f35) Importer(815301076,1909f56bfc062723c751e8b465ee728b)
Start importing Assets/PlayMaker/Editor/Watermarks/GUISlider.png using Guid(dc6822d89dddd4741b77cc4b63547f35) Importer(815301076,1909f56bfc062723c751e8b465ee728b)  -> (artifact id: '854f1737ad27fabd2442fbef177262ca') in 0.155544 seconds 
========================================================================
Received Import Request.
  Time since last request: 0.616592 seconds.
  path: Assets/PlayMaker/Editor/Resources/linkSamples.png
  artifactKey: Guid(7b8554e124fc8af40a2db0b397c948d3) Importer(815301076,1909f56bfc062723c751e8b465ee728b)
Start importing Assets/PlayMaker/Editor/Resources/linkSamples.png using Guid(7b8554e124fc8af40a2db0b397c948d3) Importer(815301076,1909f56bfc062723c751e8b465ee728b)  -> (artifact id: '975169403df862aa36f7f620f7547e4e') in 0.018966 seconds 
========================================================================
Received Import Request.
  Time since last request: 0.217600 seconds.
  path: Assets/PlayMaker/Editor/Watermarks/Microphone.png
  artifactKey: Guid(9e676d4570d532c438b913bf934579f6) Importer(815301076,1909f56bfc062723c751e8b465ee728b)
Start importing Assets/PlayMaker/Editor/Watermarks/Microphone.png using Guid(9e676d4570d532c438b913bf934579f6) Importer(815301076,1909f56bfc062723c751e8b465ee728b)  -> (artifact id: '31de502e6f8aa2c5db7db3760425715a') in 0.013999 seconds 
========================================================================
Received Import Request.
  Time since last request: 0.059480 seconds.
  path: Assets/PlayMaker/Editor/Watermarks/Music.png
  artifactKey: Guid(f0e5750071221f64285d55ce8fb67296) Importer(815301076,1909f56bfc062723c751e8b465ee728b)
Start importing Assets/PlayMaker/Editor/Watermarks/Music.png using Guid(f0e5750071221f64285d55ce8fb67296) Importer(815301076,1909f56bfc062723c751e8b465ee728b)  -> (artifact id: '8917a46f78010a9fe166b2c3e19c1b72') in 0.014130 seconds 
========================================================================
Received Import Request.
  Time since last request: 2.494467 seconds.
  path: Assets/PlayMaker/Editor/Watermarks/PlayerBroadcast.png
  artifactKey: Guid(54eed67d7d084f149bcc5dcfaaa7ed50) Importer(815301076,1909f56bfc062723c751e8b465ee728b)
Start importing Assets/PlayMaker/Editor/Watermarks/PlayerBroadcast.png using Guid(54eed67d7d084f149bcc5dcfaaa7ed50) Importer(815301076,1909f56bfc062723c751e8b465ee728b)  -> (artifact id: 'f26e585718e8c3df0d48e2b8735a444a') in 0.013823 seconds 
========================================================================
Received Import Request.
  Time since last request: 0.045469 seconds.
  path: Assets/Gizmos/PlayMakerGlobals Icon.tiff
  artifactKey: Guid(846171814b98d1d48afa7805037eb0bc) Importer(815301076,1909f56bfc062723c751e8b465ee728b)
Start importing Assets/Gizmos/PlayMakerGlobals Icon.tiff using Guid(846171814b98d1d48afa7805037eb0bc) Importer(815301076,1909f56bfc062723c751e8b465ee728b)  -> (artifact id: 'be82db8ba4215e5d193a195650a90dcd') in 0.020618 seconds 
========================================================================
Received Import Request.
  Time since last request: 0.254464 seconds.
  path: Assets/PlayMaker/Editor/Watermarks/PowerOn.png
  artifactKey: Guid(c44def74e220813499b0ef77f81f47b1) Importer(815301076,1909f56bfc062723c751e8b465ee728b)
Start importing Assets/PlayMaker/Editor/Watermarks/PowerOn.png using Guid(c44def74e220813499b0ef77f81f47b1) Importer(815301076,1909f56bfc062723c751e8b465ee728b)  -> (artifact id: 'e905cd362789e057f25e4f0811b84da5') in 0.012954 seconds 
========================================================================
Received Import Request.
  Time since last request: 0.000035 seconds.
  path: Assets/PlayMaker/Editor/Watermarks/Recycle.png
  artifactKey: Guid(3754686a58be853478158a0568fc527b) Importer(815301076,1909f56bfc062723c751e8b465ee728b)
Start importing Assets/PlayMaker/Editor/Watermarks/Recycle.png using Guid(3754686a58be853478158a0568fc527b) Importer(815301076,1909f56bfc062723c751e8b465ee728b)  -> (artifact id: '8122ea224e633cc8abe0d2be41155991') in 0.016716 seconds 
========================================================================
Received Import Request.
  Time since last request: 0.000037 seconds.
  path: Assets/PlayMaker/Editor/Watermarks/Rows.png
  artifactKey: Guid(3bc1fb38ffb4f2145afbb92ae706f329) Importer(815301076,1909f56bfc062723c751e8b465ee728b)
Start importing Assets/PlayMaker/Editor/Watermarks/Rows.png using Guid(3bc1fb38ffb4f2145afbb92ae706f329) Importer(815301076,1909f56bfc062723c751e8b465ee728b)  -> (artifact id: 'a28358503fb8ab72b3f058cb26c5e432') in 0.016696 seconds 
========================================================================
Received Import Request.
  Time since last request: 0.000061 seconds.
  path: Assets/PlayMaker/Editor/Watermarks/Settings.png
  artifactKey: Guid(51295292c735b8f49a7375d64ab91633) Importer(815301076,1909f56bfc062723c751e8b465ee728b)
Start importing Assets/PlayMaker/Editor/Watermarks/Settings.png using Guid(51295292c735b8f49a7375d64ab91633) Importer(815301076,1909f56bfc062723c751e8b465ee728b)  -> (artifact id: 'c4dc53ccbc4aa05bd552e530ff8df881') in 0.014103 seconds 
========================================================================
Received Import Request.
  Time since last request: 0.167855 seconds.
  path: Assets/PlayMaker/Editor/Watermarks/StarInCircle.png
  artifactKey: Guid(d06d066acbe641949a1dbabc7a5de36f) Importer(815301076,1909f56bfc062723c751e8b465ee728b)
Start importing Assets/PlayMaker/Editor/Watermarks/StarInCircle.png using Guid(d06d066acbe641949a1dbabc7a5de36f) Importer(815301076,1909f56bfc062723c751e8b465ee728b)  -> (artifact id: '7691ef7ecb7108eff850c1c2da95ce67') in 0.014961 seconds 
========================================================================
Received Import Request.
  Time since last request: 0.023254 seconds.
  path: Assets/PlayMaker/Editor/Watermarks/ThoughtBubble.png
  artifactKey: Guid(f218ed29f9b2ba042b5b00c2bc3ac412) Importer(815301076,1909f56bfc062723c751e8b465ee728b)
Start importing Assets/PlayMaker/Editor/Watermarks/ThoughtBubble.png using Guid(f218ed29f9b2ba042b5b00c2bc3ac412) Importer(815301076,1909f56bfc062723c751e8b465ee728b)  -> (artifact id: 'df5152a5d8fff84a08460df0cbd1d748') in 0.014220 seconds 
Editor requested this worker to shutdown with reason: Scaling down because of idle timeout
AssetImportWorker is now disconnected from the server
Process exiting
Exiting without the bug reporter. Application will terminate with return code 0