Using pre-set license
Built from '2021.2/staging' branch; Version is '2021.2.7f1 (6bd9e232123f) revision 7068130'; Using compiler version '192829333'; Build Type 'Release'
OS: 'Windows 10  (10.0.19043) 64bit Professional' Language: 'tr' Physical Memory: 16315 MB
BatchMode: 1, IsHumanControllingUs: 0, StartBugReporterOnCrash: 0, Is64bit: 1, IsPro: 0

COMMAND LINE ARGUMENTS:
C:\Program Files\Unity\Hub\Editor\2021.2.7f1\Editor\Unity.exe
-adb2
-batchMode
-noUpm
-name
AssetImportWorker0
-projectPath
C:/Users/aki/Runner
-logFile
Logs/AssetImportWorker0.log
-srvPort
58487
Successfully changed project path to: C:/Users/aki/Runner
C:/Users/aki/Runner
[UnityMemory] Configuration Parameters - Can be set up in boot.config
    "memorysetup-bucket-allocator-granularity=16"
    "memorysetup-bucket-allocator-bucket-count=8"
    "memorysetup-bucket-allocator-block-size=33554432"
    "memorysetup-bucket-allocator-block-count=8"
    "memorysetup-main-allocator-block-size=16777216"
    "memorysetup-thread-allocator-block-size=16777216"
    "memorysetup-gfx-main-allocator-block-size=16777216"
    "memorysetup-gfx-thread-allocator-block-size=16777216"
    "memorysetup-cache-allocator-block-size=4194304"
    "memorysetup-typetree-allocator-block-size=2097152"
    "memorysetup-profiler-bucket-allocator-granularity=16"
    "memorysetup-profiler-bucket-allocator-bucket-count=8"
    "memorysetup-profiler-bucket-allocator-block-size=33554432"
    "memorysetup-profiler-bucket-allocator-block-count=8"
    "memorysetup-profiler-allocator-block-size=16777216"
    "memorysetup-profiler-editor-allocator-block-size=1048576"
    "memorysetup-temp-allocator-size-main=16777216"
    "memorysetup-job-temp-allocator-block-size=2097152"
    "memorysetup-job-temp-allocator-block-size-background=1048576"
    "memorysetup-job-temp-allocator-reduction-small-platforms=262144"
    "memorysetup-temp-allocator-size-background-worker=32768"
    "memorysetup-temp-allocator-size-job-worker=262144"
    "memorysetup-temp-allocator-size-preload-manager=33554432"
    "memorysetup-temp-allocator-size-nav-mesh-worker=65536"
    "memorysetup-temp-allocator-size-audio-worker=65536"
    "memorysetup-temp-allocator-size-cloud-worker=32768"
    "memorysetup-temp-allocator-size-gi-baking-worker=262144"
    "memorysetup-temp-allocator-size-gfx=262144"
Refreshing native plugins compatible for Editor in 117.61 ms, found 3 plugins.
Preloading 0 native plugins for Editor in 0.00 ms.
Initialize engine version: 2021.2.7f1 (6bd9e232123f)
[Subsystems] Discovering subsystems at path C:/Program Files/Unity/Hub/Editor/2021.2.7f1/Editor/Data/Resources/UnitySubsystems
[Subsystems] Discovering subsystems at path C:/Users/aki/Runner/Assets
GfxDevice: creating device client; threaded=0; jobified=0
Direct3D:
    Version:  Direct3D 11.0 [level 11.1]
    Renderer: NVIDIA GeForce GTX 1080 (ID=0x1b80)
    Vendor:   NVIDIA
    VRAM:     8079 MB
    Driver:   30.0.15.1215
Initialize mono
Mono path[0] = 'C:/Program Files/Unity/Hub/Editor/2021.2.7f1/Editor/Data/Managed'
Mono path[1] = 'C:/Program Files/Unity/Hub/Editor/2021.2.7f1/Editor/Data/MonoBleedingEdge/lib/mono/unityjit-win32'
Mono config path = 'C:/Program Files/Unity/Hub/Editor/2021.2.7f1/Editor/Data/MonoBleedingEdge/etc'
Using monoOptions --debugger-agent=transport=dt_socket,embedding=1,server=y,suspend=n,address=127.0.0.1:56316
Begin MonoManager ReloadAssembly
Registering precompiled unity dll's ...
Register platform support module: C:/Program Files/Unity/Hub/Editor/2021.2.7f1/Editor/Data/PlaybackEngines/WindowsStandaloneSupport/UnityEditor.WindowsStandalone.Extensions.dll
Registered in 0.015421 seconds.
Native extension for WindowsStandalone target not found
Refreshing native plugins compatible for Editor in 113.65 ms, found 3 plugins.
Preloading 0 native plugins for Editor in 0.00 ms.
Mono: successfully reloaded assembly
- Completed reload, in  0.901 seconds
Domain Reload Profiling:
	ReloadAssembly (902ms)
		BeginReloadAssembly (119ms)
			ExecutionOrderSort (0ms)
			DisableScriptedObjects (0ms)
			BackupInstance (0ms)
			ReleaseScriptingObjects (0ms)
			CreateAndSetChildDomain (1ms)
		EndReloadAssembly (655ms)
			LoadAssemblies (115ms)
			RebuildTransferFunctionScriptingTraits (0ms)
			SetupTypeCache (140ms)
			ReleaseScriptCaches (0ms)
			RebuildScriptCaches (37ms)
			SetupLoadedEditorAssemblies (394ms)
				LogAssemblyErrors (0ms)
				InitializePlatformSupportModulesInManaged (23ms)
				SetLoadedEditorAssemblies (0ms)
				RefreshPlugins (114ms)
				BeforeProcessingInitializeOnLoad (2ms)
				ProcessInitializeOnLoadAttributes (186ms)
				ProcessInitializeOnLoadMethodAttributes (69ms)
				AfterProcessingInitializeOnLoad (0ms)
				EditorAssembliesLoaded (0ms)
			ExecutionOrderSort2 (0ms)
			AwakeInstancesAfterBackupRestoration (0ms)
Platform modules already initialized, skipping
Registering precompiled user dll's ...
Registered in 0.025769 seconds.
Begin MonoManager ReloadAssembly
Symbol file LoadedFromMemory doesn't match image C:\Users\aki\Runner\Library\PackageCache\com.unity.visualscripting@1.7.8\Editor\VisualScripting.Core\Dependencies\YamlDotNet\Unity.VisualScripting.YamlDotNet.dll
Symbol file LoadedFromMemory doesn't match image C:\Users\aki\Runner\Library\PackageCache\com.unity.visualscripting@1.7.8\Editor\VisualScripting.Core\Dependencies\DotNetZip\Unity.VisualScripting.IonicZip.dll
Native extension for WindowsStandalone target not found
Refreshing native plugins compatible for Editor in 1.08 ms, found 3 plugins.
Preloading 0 native plugins for Editor in 0.00 ms.
Mono: successfully reloaded assembly
- Completed reload, in  1.732 seconds
Domain Reload Profiling:
	ReloadAssembly (1734ms)
		BeginReloadAssembly (196ms)
			ExecutionOrderSort (0ms)
			DisableScriptedObjects (9ms)
			BackupInstance (0ms)
			ReleaseScriptingObjects (0ms)
			CreateAndSetChildDomain (30ms)
		EndReloadAssembly (1363ms)
			LoadAssemblies (159ms)
			RebuildTransferFunctionScriptingTraits (0ms)
			SetupTypeCache (394ms)
			ReleaseScriptCaches (1ms)
			RebuildScriptCaches (83ms)
			SetupLoadedEditorAssemblies (677ms)
				LogAssemblyErrors (0ms)
				InitializePlatformSupportModulesInManaged (19ms)
				SetLoadedEditorAssemblies (1ms)
				RefreshPlugins (2ms)
				BeforeProcessingInitializeOnLoad (135ms)
				ProcessInitializeOnLoadAttributes (460ms)
				ProcessInitializeOnLoadMethodAttributes (41ms)
				AfterProcessingInitializeOnLoad (18ms)
				EditorAssembliesLoaded (0ms)
			ExecutionOrderSort2 (0ms)
			AwakeInstancesAfterBackupRestoration (10ms)
Platform modules already initialized, skipping
========================================================================
Worker process is ready to serve import requests
Launched and connected shader compiler UnityShaderCompiler.exe after 0.12 seconds
Refreshing native plugins compatible for Editor in 2.01 ms, found 3 plugins.
Preloading 0 native plugins for Editor in 0.00 ms.
Unloading 4210 Unused Serialized files (Serialized files now loaded: 0)
Unloading 43 unused Assets / (345.2 KB). Loaded Objects now: 4794.
Memory consumption went from 143.3 MB to 143.0 MB.
Total: 5.461400 ms (FindLiveObjects: 0.622100 ms CreateObjectMapping: 0.205300 ms MarkObjects: 4.399100 ms  DeleteObjects: 0.232500 ms)

AssetImportParameters requested are different than current active one (requested -> active):
  custom:video-decoder-ogg-theora: a1e56fd34408186e4bbccfd4996cb3dc -> 
  custom:container-muxer-webm: aa71ff27fc2769a1b78a27578f13a17b -> 
  custom:container-demuxer-webm: 4f35f7cbe854078d1ac9338744f61a02 -> 
  custom:video-encoder-webm-vp8: eb34c28f22e8b96e1ab97ce403110664 -> 
  custom:audio-encoder-webm-vorbis: bf7c407c2cedff20999df2af8eb42d56 -> 
  custom:framework-win-MediaFoundation: 216162199b28c13a410421893ffa2e32 -> 
  custom:container-demuxer-ogg: 62fdf1f143b41e24485cea50d1cbac27 -> 
  custom:video-decoder-webm-vp8: 9c59270c3fd7afecdb556c50c9e8de78 -> 
  custom:audio-decoder-ogg-vorbis: bf7c407c2cedff20999df2af8eb42d56 -> 
========================================================================
Received Import Request.
  Time since last request: 252158.308493 seconds.
  path: Assets/coin-pack
  artifactKey: Guid(6b59b4ba3959ca940832cfbfa38552f0) Importer(815301076,1909f56bfc062723c751e8b465ee728b)
Start importing Assets/coin-pack using Guid(6b59b4ba3959ca940832cfbfa38552f0) Importer(815301076,1909f56bfc062723c751e8b465ee728b)  -> (artifact id: '31a8bf74b0c4dd25dcdec10cbf349668') in 0.015526 seconds 
========================================================================
Received Import Request.
  Time since last request: 0.000069 seconds.
  path: Assets/coin-pack/source
  artifactKey: Guid(74a95a77a061a1345922cefb8e712ca1) Importer(815301076,1909f56bfc062723c751e8b465ee728b)
Start importing Assets/coin-pack/source using Guid(74a95a77a061a1345922cefb8e712ca1) Importer(815301076,1909f56bfc062723c751e8b465ee728b)  -> (artifact id: '87869e7a7470773dca96e4d6b6a6a3d5') in 0.004502 seconds 
========================================================================
Received Import Request.
  Time since last request: 52.513618 seconds.
  path: Assets/coin-pack/textures
  artifactKey: Guid(46d05bf835a052d45a3089888f078ca7) Importer(815301076,1909f56bfc062723c751e8b465ee728b)
Start importing Assets/coin-pack/textures using Guid(46d05bf835a052d45a3089888f078ca7) Importer(815301076,1909f56bfc062723c751e8b465ee728b)  -> (artifact id: '02ee2db3ed749cb3b3ab2d22ca479237') in 0.003165 seconds 
========================================================================
Received Import Request.
  Time since last request: 0.069988 seconds.
  path: Assets/coin-pack/textures/Coin.jpeg
  artifactKey: Guid(b940c0c16daf1f4428d8ad9ccd58cadc) Importer(815301076,1909f56bfc062723c751e8b465ee728b)
Start importing Assets/coin-pack/textures/Coin.jpeg using Guid(b940c0c16daf1f4428d8ad9ccd58cadc) Importer(815301076,1909f56bfc062723c751e8b465ee728b)  -> (artifact id: 'e0fa77c6849427f4443ce7c200ce5561') in 0.140912 seconds 
========================================================================
Received Import Request.
  Time since last request: 339.625889 seconds.
  path: Assets/PlayMaker/Editor/Watermarks/Camera.png
  artifactKey: Guid(d4ed99101f3eb6f43a823a0e8b129218) Importer(815301076,1909f56bfc062723c751e8b465ee728b)
Start importing Assets/PlayMaker/Editor/Watermarks/Camera.png using Guid(d4ed99101f3eb6f43a823a0e8b129218) Importer(815301076,1909f56bfc062723c751e8b465ee728b)  -> (artifact id: 'b25ee803cc8502910851abb6440ecd44') in 0.055056 seconds 
========================================================================
Received Import Request.
  Time since last request: 0.000131 seconds.
  path: Assets/PlayMaker/Editor/Watermarks/Dagger.png
  artifactKey: Guid(8982a70e0d297f240a3f18e317812ec5) Importer(815301076,1909f56bfc062723c751e8b465ee728b)
Start importing Assets/PlayMaker/Editor/Watermarks/Dagger.png using Guid(8982a70e0d297f240a3f18e317812ec5) Importer(815301076,1909f56bfc062723c751e8b465ee728b)  -> (artifact id: 'e1913c746c7ace52e0e131684708270c') in 0.057779 seconds 
========================================================================
Received Import Request.
  Time since last request: 9.090459 seconds.
  path: Assets/PlayMaker/Editor/Watermarks/AnalogClock.png
  artifactKey: Guid(6a9f8cb89f6f3dc408b1097092f17c9d) Importer(815301076,1909f56bfc062723c751e8b465ee728b)
Start importing Assets/PlayMaker/Editor/Watermarks/AnalogClock.png using Guid(6a9f8cb89f6f3dc408b1097092f17c9d) Importer(815301076,1909f56bfc062723c751e8b465ee728b)  -> (artifact id: 'a4361607b39b87113a2e242f1eb782d7') in 0.021717 seconds 
========================================================================
Received Import Request.
  Time since last request: 0.000034 seconds.
  path: Assets/PlayMaker/Editor/Watermarks/Barrel.png
  artifactKey: Guid(569db1eca6acd1c4c893aa44b7aaeed7) Importer(815301076,1909f56bfc062723c751e8b465ee728b)
Start importing Assets/PlayMaker/Editor/Watermarks/Barrel.png using Guid(569db1eca6acd1c4c893aa44b7aaeed7) Importer(815301076,1909f56bfc062723c751e8b465ee728b)  -> (artifact id: '72c758024dbc7311f0907d6ca02fa7a6') in 0.016998 seconds 
========================================================================
Received Import Request.
  Time since last request: 0.000054 seconds.
  path: Assets/PlayMaker/Editor/Watermarks/Bang.png
  artifactKey: Guid(ac2f9ada26884da4588ffae7d1e8121f) Importer(815301076,1909f56bfc062723c751e8b465ee728b)
Start importing Assets/PlayMaker/Editor/Watermarks/Bang.png using Guid(ac2f9ada26884da4588ffae7d1e8121f) Importer(815301076,1909f56bfc062723c751e8b465ee728b)  -> (artifact id: '13974062633ca84c7ef7b6163d45edf3') in 0.020993 seconds 
========================================================================
Received Import Request.
  Time since last request: 15.758964 seconds.
  path: Assets/PlayMaker/Editor/Watermarks/Dazzle.png
  artifactKey: Guid(3e872e3452d8cf04aa5ac4b31e442167) Importer(815301076,1909f56bfc062723c751e8b465ee728b)
Start importing Assets/PlayMaker/Editor/Watermarks/Dazzle.png using Guid(3e872e3452d8cf04aa5ac4b31e442167) Importer(815301076,1909f56bfc062723c751e8b465ee728b)  -> (artifact id: '94ae5d21e6a6cfe2d768213d687ac215') in 0.015445 seconds 
========================================================================
Received Import Request.
  Time since last request: 0.048499 seconds.
  path: Assets/PlayMaker/Editor/Watermarks/Download.png
  artifactKey: Guid(d80f9af5080f82042a9fa0ca83cd7e30) Importer(815301076,1909f56bfc062723c751e8b465ee728b)
Start importing Assets/PlayMaker/Editor/Watermarks/Download.png using Guid(d80f9af5080f82042a9fa0ca83cd7e30) Importer(815301076,1909f56bfc062723c751e8b465ee728b)  -> (artifact id: '88fb4565b726ea7ce954f399a78e3ae7') in 0.107196 seconds 
========================================================================
Received Import Request.
  Time since last request: 0.257209 seconds.
  path: Assets/PlayMaker/Editor/Watermarks/Info.png
  artifactKey: Guid(e916f404af82731418d593ba28c1d354) Importer(815301076,1909f56bfc062723c751e8b465ee728b)
Start importing Assets/PlayMaker/Editor/Watermarks/Info.png using Guid(e916f404af82731418d593ba28c1d354) Importer(815301076,1909f56bfc062723c751e8b465ee728b)  -> (artifact id: '0c9e88347d06c430dfa2346f5325b504') in 0.015644 seconds 
========================================================================
Received Import Request.
  Time since last request: 0.035871 seconds.
  path: Assets/PlayMaker/Editor/Watermarks/LeftArrow.png
  artifactKey: Guid(612841212d163524b8d286d96a5d25d3) Importer(815301076,1909f56bfc062723c751e8b465ee728b)
Start importing Assets/PlayMaker/Editor/Watermarks/LeftArrow.png using Guid(612841212d163524b8d286d96a5d25d3) Importer(815301076,1909f56bfc062723c751e8b465ee728b)  -> (artifact id: '57e5015b6d62c0635556c79626b1a4b8') in 0.032605 seconds 
========================================================================
Received Import Request.
  Time since last request: 0.215450 seconds.
  path: Assets/PlayMaker/Editor/Watermarks/LightningBolt.png
  artifactKey: Guid(c1c4109fb586c6343863b4077298090c) Importer(815301076,1909f56bfc062723c751e8b465ee728b)
Start importing Assets/PlayMaker/Editor/Watermarks/LightningBolt.png using Guid(c1c4109fb586c6343863b4077298090c) Importer(815301076,1909f56bfc062723c751e8b465ee728b)  -> (artifact id: '22f6c7124c46c47ea0650dc31e11e44f') in 0.034315 seconds 
========================================================================
Received Import Request.
  Time since last request: 0.004568 seconds.
  path: Assets/PlayMaker/Editor/Resources/linkCheck.png
  artifactKey: Guid(6ce904115a7da9647b3f1c81a9884220) Importer(815301076,1909f56bfc062723c751e8b465ee728b)
Start importing Assets/PlayMaker/Editor/Resources/linkCheck.png using Guid(6ce904115a7da9647b3f1c81a9884220) Importer(815301076,1909f56bfc062723c751e8b465ee728b)  -> (artifact id: 'ea4f4509ec88a0f538de3502dc7ccab4') in 0.017586 seconds 
========================================================================
Received Import Request.
  Time since last request: 0.000049 seconds.
  path: Assets/PlayMaker/Editor/Resources/linkVideos.png
  artifactKey: Guid(be820321bac88af4a8ffb854af44fa57) Importer(815301076,1909f56bfc062723c751e8b465ee728b)
Start importing Assets/PlayMaker/Editor/Resources/linkVideos.png using Guid(be820321bac88af4a8ffb854af44fa57) Importer(815301076,1909f56bfc062723c751e8b465ee728b)  -> (artifact id: '80539bb498333a01403a29ada8d2e5c5') in 0.046723 seconds 
========================================================================
Received Import Request.
  Time since last request: 0.161320 seconds.
  path: Assets/PlayMaker/Editor/Watermarks/Loop.png
  artifactKey: Guid(07134a7e6508040408a9d1f24eb1579e) Importer(815301076,1909f56bfc062723c751e8b465ee728b)
Start importing Assets/PlayMaker/Editor/Watermarks/Loop.png using Guid(07134a7e6508040408a9d1f24eb1579e) Importer(815301076,1909f56bfc062723c751e8b465ee728b)  -> (artifact id: 'a58b745ce4d1e5661dada4fff8295168') in 0.017852 seconds 
========================================================================
Received Import Request.
  Time since last request: 0.040967 seconds.
  path: Assets/PlayMaker/Editor/Watermarks/MoneyBag.png
  artifactKey: Guid(20fef5b4a54567348ae4652da2868204) Importer(815301076,1909f56bfc062723c751e8b465ee728b)
Start importing Assets/PlayMaker/Editor/Watermarks/MoneyBag.png using Guid(20fef5b4a54567348ae4652da2868204) Importer(815301076,1909f56bfc062723c751e8b465ee728b)  -> (artifact id: '1a3e64ee7a764a7aa3afc4bc3c5dff35') in 0.034544 seconds 
========================================================================
Received Import Request.
  Time since last request: 2.440292 seconds.
  path: Assets/PlayMaker/Editor/Resources/photonIcon.png
  artifactKey: Guid(bb4f5fdd6b52a4942b26179f4e9aed45) Importer(815301076,1909f56bfc062723c751e8b465ee728b)
Start importing Assets/PlayMaker/Editor/Resources/photonIcon.png using Guid(bb4f5fdd6b52a4942b26179f4e9aed45) Importer(815301076,1909f56bfc062723c751e8b465ee728b)  -> (artifact id: 'bc18e5d79b1ad4e0436b9f91dd5219b4') in 0.066585 seconds 
========================================================================
Received Import Request.
  Time since last request: 0.004673 seconds.
  path: Assets/Gizmos/PlayMakerFSM Icon.tiff
  artifactKey: Guid(f728493f9ebb2324d94581b928975c04) Importer(815301076,1909f56bfc062723c751e8b465ee728b)
Start importing Assets/Gizmos/PlayMakerFSM Icon.tiff using Guid(f728493f9ebb2324d94581b928975c04) Importer(815301076,1909f56bfc062723c751e8b465ee728b)  -> (artifact id: '49f04b0791dac87f6f90a9c01927b53f') in 0.047735 seconds 
========================================================================
Received Import Request.
  Time since last request: 0.125753 seconds.
  path: Assets/Gizmos/PlaymakerIcon.tiff
  artifactKey: Guid(dd021173169ae0c45840a63894bc27c0) Importer(815301076,1909f56bfc062723c751e8b465ee728b)
Start importing Assets/Gizmos/PlaymakerIcon.tiff using Guid(dd021173169ae0c45840a63894bc27c0) Importer(815301076,1909f56bfc062723c751e8b465ee728b)  -> (artifact id: 'f45fd4157bb9497fa7596d5d46b064c4') in 0.017594 seconds 
========================================================================
Received Import Request.
  Time since last request: 0.045668 seconds.
  path: Assets/Gizmos/PlayMakerPrefs Icon.tiff
  artifactKey: Guid(4681a9805673831459ed595c2dc402d6) Importer(815301076,1909f56bfc062723c751e8b465ee728b)
Start importing Assets/Gizmos/PlayMakerPrefs Icon.tiff using Guid(4681a9805673831459ed595c2dc402d6) Importer(815301076,1909f56bfc062723c751e8b465ee728b)  -> (artifact id: '42d8581d782b3f2c2e7f1de63154d0d2') in 0.040346 seconds 
========================================================================
Received Import Request.
  Time since last request: 0.000079 seconds.
  path: Assets/PlayMaker/Editor/Watermarks/SkullAndCrossBones.png
  artifactKey: Guid(2fb754eb26b03ab4598fdabac6f0def0) Importer(815301076,1909f56bfc062723c751e8b465ee728b)
Start importing Assets/PlayMaker/Editor/Watermarks/SkullAndCrossBones.png using Guid(2fb754eb26b03ab4598fdabac6f0def0) Importer(815301076,1909f56bfc062723c751e8b465ee728b)  -> (artifact id: '224629bec64b8690f162b74f2d4537e1') in 0.056294 seconds 
========================================================================
Received Import Request.
  Time since last request: 0.122645 seconds.
  path: Assets/PlayMaker/Editor/Watermarks/Spy.png
  artifactKey: Guid(178a16288adc2374b8aa385180efe2c8) Importer(815301076,1909f56bfc062723c751e8b465ee728b)
Start importing Assets/PlayMaker/Editor/Watermarks/Spy.png using Guid(178a16288adc2374b8aa385180efe2c8) Importer(815301076,1909f56bfc062723c751e8b465ee728b)  -> (artifact id: '51bbfab03583126a48c27a7d881c1297') in 0.046830 seconds 
========================================================================
Received Import Request.
  Time since last request: 0.000038 seconds.
  path: Assets/PlayMaker/Editor/Watermarks/Upload.png
  artifactKey: Guid(816c57d588a2ae143a0e1f9e5029eadb) Importer(815301076,1909f56bfc062723c751e8b465ee728b)
Start importing Assets/PlayMaker/Editor/Watermarks/Upload.png using Guid(816c57d588a2ae143a0e1f9e5029eadb) Importer(815301076,1909f56bfc062723c751e8b465ee728b)  -> (artifact id: '8d33e4cabffd3f6a8cbd4b4f778c0a00') in 0.033823 seconds 
========================================================================
Received Import Request.
  Time since last request: 0.132750 seconds.
  path: Assets/PlayMaker/Editor/Watermarks/WorldWireframe.png
  artifactKey: Guid(15306e0de1b3a0046b1fd3c5dc399ef9) Importer(815301076,1909f56bfc062723c751e8b465ee728b)
Start importing Assets/PlayMaker/Editor/Watermarks/WorldWireframe.png using Guid(15306e0de1b3a0046b1fd3c5dc399ef9) Importer(815301076,1909f56bfc062723c751e8b465ee728b)  -> (artifact id: 'b0e7bb7109bff0ddce6f539e910ef692') in 0.056252 seconds 
========================================================================
Received Prepare
Registering precompiled user dll's ...
Registered in 0.024438 seconds.
Begin MonoManager ReloadAssembly
Symbol file LoadedFromMemory doesn't match image C:\Users\aki\Runner\Library\PackageCache\com.unity.visualscripting@1.7.8\Editor\VisualScripting.Core\Dependencies\YamlDotNet\Unity.VisualScripting.YamlDotNet.dll
Symbol file LoadedFromMemory doesn't match image C:\Users\aki\Runner\Library\PackageCache\com.unity.visualscripting@1.7.8\Editor\VisualScripting.Core\Dependencies\DotNetZip\Unity.VisualScripting.IonicZip.dll
Native extension for WindowsStandalone target not found
Refreshing native plugins compatible for Editor in 1.72 ms, found 3 plugins.
Preloading 0 native plugins for Editor in 0.00 ms.
Mono: successfully reloaded assembly
- Completed reload, in  1.598 seconds
Domain Reload Profiling:
	ReloadAssembly (1600ms)
		BeginReloadAssembly (244ms)
			ExecutionOrderSort (0ms)
			DisableScriptedObjects (7ms)
			BackupInstance (0ms)
			ReleaseScriptingObjects (0ms)
			CreateAndSetChildDomain (71ms)
		EndReloadAssembly (1189ms)
			LoadAssemblies (159ms)
			RebuildTransferFunctionScriptingTraits (0ms)
			SetupTypeCache (382ms)
			ReleaseScriptCaches (2ms)
			RebuildScriptCaches (62ms)
			SetupLoadedEditorAssemblies (497ms)
				LogAssemblyErrors (0ms)
				InitializePlatformSupportModulesInManaged (20ms)
				SetLoadedEditorAssemblies (1ms)
				RefreshPlugins (2ms)
				BeforeProcessingInitializeOnLoad (96ms)
				ProcessInitializeOnLoadAttributes (327ms)
				ProcessInitializeOnLoadMethodAttributes (33ms)
				AfterProcessingInitializeOnLoad (18ms)
				EditorAssembliesLoaded (0ms)
			ExecutionOrderSort2 (0ms)
			AwakeInstancesAfterBackupRestoration (25ms)
Platform modules already initialized, skipping
Refreshing native plugins compatible for Editor in 1.15 ms, found 3 plugins.
Preloading 0 native plugins for Editor in 0.00 ms.
Unloading 4226 Unused Serialized files (Serialized files now loaded: 0)
Unloading 38 unused Assets / (85.2 KB). Loaded Objects now: 5146.
Memory consumption went from 154.8 MB to 154.7 MB.
Total: 5.940000 ms (FindLiveObjects: 0.733000 ms CreateObjectMapping: 0.196700 ms MarkObjects: 4.851700 ms  DeleteObjects: 0.156000 ms)

AssetImportParameters requested are different than current active one (requested -> active):
  custom:video-decoder-ogg-theora: a1e56fd34408186e4bbccfd4996cb3dc -> 
  custom:container-muxer-webm: aa71ff27fc2769a1b78a27578f13a17b -> 
  custom:container-demuxer-webm: 4f35f7cbe854078d1ac9338744f61a02 -> 
  custom:video-encoder-webm-vp8: eb34c28f22e8b96e1ab97ce403110664 -> 
  custom:audio-encoder-webm-vorbis: bf7c407c2cedff20999df2af8eb42d56 -> 
  custom:framework-win-MediaFoundation: 216162199b28c13a410421893ffa2e32 -> 
  custom:container-demuxer-ogg: 62fdf1f143b41e24485cea50d1cbac27 -> 
  custom:video-decoder-webm-vp8: 9c59270c3fd7afecdb556c50c9e8de78 -> 
  custom:audio-decoder-ogg-vorbis: bf7c407c2cedff20999df2af8eb42d56 -> 
========================================================================
Received Prepare
Registering precompiled user dll's ...
Registered in 0.024616 seconds.
Begin MonoManager ReloadAssembly
Symbol file LoadedFromMemory doesn't match image C:\Users\aki\Runner\Library\PackageCache\com.unity.visualscripting@1.7.8\Editor\VisualScripting.Core\Dependencies\YamlDotNet\Unity.VisualScripting.YamlDotNet.dll
Symbol file LoadedFromMemory doesn't match image C:\Users\aki\Runner\Library\PackageCache\com.unity.visualscripting@1.7.8\Editor\VisualScripting.Core\Dependencies\DotNetZip\Unity.VisualScripting.IonicZip.dll
Native extension for WindowsStandalone target not found
Refreshing native plugins compatible for Editor in 0.95 ms, found 3 plugins.
Preloading 0 native plugins for Editor in 0.00 ms.
Mono: successfully reloaded assembly
- Completed reload, in  1.519 seconds
Domain Reload Profiling:
	ReloadAssembly (1520ms)
		BeginReloadAssembly (222ms)
			ExecutionOrderSort (0ms)
			DisableScriptedObjects (11ms)
			BackupInstance (0ms)
			ReleaseScriptingObjects (0ms)
			CreateAndSetChildDomain (52ms)
		EndReloadAssembly (1129ms)
			LoadAssemblies (142ms)
			RebuildTransferFunctionScriptingTraits (0ms)
			SetupTypeCache (349ms)
			ReleaseScriptCaches (2ms)
			RebuildScriptCaches (63ms)
			SetupLoadedEditorAssemblies (505ms)
				LogAssemblyErrors (0ms)
				InitializePlatformSupportModulesInManaged (19ms)
				SetLoadedEditorAssemblies (1ms)
				RefreshPlugins (1ms)
				BeforeProcessingInitializeOnLoad (102ms)
				ProcessInitializeOnLoadAttributes (332ms)
				ProcessInitializeOnLoadMethodAttributes (34ms)
				AfterProcessingInitializeOnLoad (16ms)
				EditorAssembliesLoaded (0ms)
			ExecutionOrderSort2 (0ms)
			AwakeInstancesAfterBackupRestoration (25ms)
Platform modules already initialized, skipping
Refreshing native plugins compatible for Editor in 1.81 ms, found 3 plugins.
Preloading 0 native plugins for Editor in 0.00 ms.
Unloading 4203 Unused Serialized files (Serialized files now loaded: 0)
Unloading 38 unused Assets / (84.0 KB). Loaded Objects now: 5149.
Memory consumption went from 154.0 MB to 154.0 MB.
Total: 5.021300 ms (FindLiveObjects: 0.632300 ms CreateObjectMapping: 0.163500 ms MarkObjects: 4.041600 ms  DeleteObjects: 0.181400 ms)

AssetImportParameters requested are different than current active one (requested -> active):
  custom:video-decoder-ogg-theora: a1e56fd34408186e4bbccfd4996cb3dc -> 
  custom:container-muxer-webm: aa71ff27fc2769a1b78a27578f13a17b -> 
  custom:container-demuxer-webm: 4f35f7cbe854078d1ac9338744f61a02 -> 
  custom:video-encoder-webm-vp8: eb34c28f22e8b96e1ab97ce403110664 -> 
  custom:audio-encoder-webm-vorbis: bf7c407c2cedff20999df2af8eb42d56 -> 
  custom:framework-win-MediaFoundation: 216162199b28c13a410421893ffa2e32 -> 
  custom:container-demuxer-ogg: 62fdf1f143b41e24485cea50d1cbac27 -> 
  custom:video-decoder-webm-vp8: 9c59270c3fd7afecdb556c50c9e8de78 -> 
  custom:audio-decoder-ogg-vorbis: bf7c407c2cedff20999df2af8eb42d56 -> 
========================================================================
Received Prepare
Registering precompiled user dll's ...
Registered in 0.028673 seconds.
Begin MonoManager ReloadAssembly
Symbol file LoadedFromMemory doesn't match image C:\Users\aki\Runner\Library\PackageCache\com.unity.visualscripting@1.7.8\Editor\VisualScripting.Core\Dependencies\YamlDotNet\Unity.VisualScripting.YamlDotNet.dll
Symbol file LoadedFromMemory doesn't match image C:\Users\aki\Runner\Library\PackageCache\com.unity.visualscripting@1.7.8\Editor\VisualScripting.Core\Dependencies\DotNetZip\Unity.VisualScripting.IonicZip.dll
Native extension for WindowsStandalone target not found
Refreshing native plugins compatible for Editor in 1.00 ms, found 3 plugins.
Preloading 0 native plugins for Editor in 0.00 ms.
Mono: successfully reloaded assembly
- Completed reload, in  1.482 seconds
Domain Reload Profiling:
	ReloadAssembly (1484ms)
		BeginReloadAssembly (208ms)
			ExecutionOrderSort (0ms)
			DisableScriptedObjects (10ms)
			BackupInstance (0ms)
			ReleaseScriptingObjects (0ms)
			CreateAndSetChildDomain (50ms)
		EndReloadAssembly (1120ms)
			LoadAssemblies (143ms)
			RebuildTransferFunctionScriptingTraits (0ms)
			SetupTypeCache (348ms)
			ReleaseScriptCaches (2ms)
			RebuildScriptCaches (56ms)
			SetupLoadedEditorAssemblies (503ms)
				LogAssemblyErrors (0ms)
				InitializePlatformSupportModulesInManaged (19ms)
				SetLoadedEditorAssemblies (1ms)
				RefreshPlugins (1ms)
				BeforeProcessingInitializeOnLoad (102ms)
				ProcessInitializeOnLoadAttributes (328ms)
				ProcessInitializeOnLoadMethodAttributes (35ms)
				AfterProcessingInitializeOnLoad (17ms)
				EditorAssembliesLoaded (0ms)
			ExecutionOrderSort2 (0ms)
			AwakeInstancesAfterBackupRestoration (24ms)
Platform modules already initialized, skipping
Refreshing native plugins compatible for Editor in 1.40 ms, found 3 plugins.
Preloading 0 native plugins for Editor in 0.00 ms.
Unloading 4203 Unused Serialized files (Serialized files now loaded: 0)
Unloading 38 unused Assets / (84.2 KB). Loaded Objects now: 5152.
Memory consumption went from 154.0 MB to 154.0 MB.
Total: 5.398900 ms (FindLiveObjects: 0.688100 ms CreateObjectMapping: 0.180900 ms MarkObjects: 4.387800 ms  DeleteObjects: 0.140400 ms)

AssetImportParameters requested are different than current active one (requested -> active):
  custom:video-decoder-ogg-theora: a1e56fd34408186e4bbccfd4996cb3dc -> 
  custom:container-muxer-webm: aa71ff27fc2769a1b78a27578f13a17b -> 
  custom:container-demuxer-webm: 4f35f7cbe854078d1ac9338744f61a02 -> 
  custom:video-encoder-webm-vp8: eb34c28f22e8b96e1ab97ce403110664 -> 
  custom:audio-encoder-webm-vorbis: bf7c407c2cedff20999df2af8eb42d56 -> 
  custom:framework-win-MediaFoundation: 216162199b28c13a410421893ffa2e32 -> 
  custom:container-demuxer-ogg: 62fdf1f143b41e24485cea50d1cbac27 -> 
  custom:video-decoder-webm-vp8: 9c59270c3fd7afecdb556c50c9e8de78 -> 
  custom:audio-decoder-ogg-vorbis: bf7c407c2cedff20999df2af8eb42d56 -> 
========================================================================
Received Prepare
Registering precompiled user dll's ...
Registered in 0.022408 seconds.
Begin MonoManager ReloadAssembly
Symbol file LoadedFromMemory doesn't match image C:\Users\aki\Runner\Library\PackageCache\com.unity.visualscripting@1.7.8\Editor\VisualScripting.Core\Dependencies\YamlDotNet\Unity.VisualScripting.YamlDotNet.dll
Symbol file LoadedFromMemory doesn't match image C:\Users\aki\Runner\Library\PackageCache\com.unity.visualscripting@1.7.8\Editor\VisualScripting.Core\Dependencies\DotNetZip\Unity.VisualScripting.IonicZip.dll
Native extension for WindowsStandalone target not found
Refreshing native plugins compatible for Editor in 1.17 ms, found 3 plugins.
Preloading 0 native plugins for Editor in 0.00 ms.
Mono: successfully reloaded assembly
- Completed reload, in  1.511 seconds
Domain Reload Profiling:
	ReloadAssembly (1513ms)
		BeginReloadAssembly (209ms)
			ExecutionOrderSort (0ms)
			DisableScriptedObjects (10ms)
			BackupInstance (0ms)
			ReleaseScriptingObjects (0ms)
			CreateAndSetChildDomain (47ms)
		EndReloadAssembly (1138ms)
			LoadAssemblies (148ms)
			RebuildTransferFunctionScriptingTraits (0ms)
			SetupTypeCache (358ms)
			ReleaseScriptCaches (2ms)
			RebuildScriptCaches (59ms)
			SetupLoadedEditorAssemblies (509ms)
				LogAssemblyErrors (0ms)
				InitializePlatformSupportModulesInManaged (19ms)
				SetLoadedEditorAssemblies (1ms)
				RefreshPlugins (2ms)
				BeforeProcessingInitializeOnLoad (107ms)
				ProcessInitializeOnLoadAttributes (329ms)
				ProcessInitializeOnLoadMethodAttributes (35ms)
				AfterProcessingInitializeOnLoad (16ms)
				EditorAssembliesLoaded (0ms)
			ExecutionOrderSort2 (0ms)
			AwakeInstancesAfterBackupRestoration (23ms)
Platform modules already initialized, skipping
Refreshing native plugins compatible for Editor in 1.20 ms, found 3 plugins.
Preloading 0 native plugins for Editor in 0.00 ms.
Unloading 4203 Unused Serialized files (Serialized files now loaded: 0)
Unloading 38 unused Assets / (85.0 KB). Loaded Objects now: 5155.
Memory consumption went from 154.1 MB to 154.0 MB.
Total: 5.485900 ms (FindLiveObjects: 0.751200 ms CreateObjectMapping: 0.178400 ms MarkObjects: 4.390200 ms  DeleteObjects: 0.163800 ms)

AssetImportParameters requested are different than current active one (requested -> active):
  custom:video-decoder-ogg-theora: a1e56fd34408186e4bbccfd4996cb3dc -> 
  custom:container-muxer-webm: aa71ff27fc2769a1b78a27578f13a17b -> 
  custom:container-demuxer-webm: 4f35f7cbe854078d1ac9338744f61a02 -> 
  custom:video-encoder-webm-vp8: eb34c28f22e8b96e1ab97ce403110664 -> 
  custom:audio-encoder-webm-vorbis: bf7c407c2cedff20999df2af8eb42d56 -> 
  custom:framework-win-MediaFoundation: 216162199b28c13a410421893ffa2e32 -> 
  custom:container-demuxer-ogg: 62fdf1f143b41e24485cea50d1cbac27 -> 
  custom:video-decoder-webm-vp8: 9c59270c3fd7afecdb556c50c9e8de78 -> 
  custom:audio-decoder-ogg-vorbis: bf7c407c2cedff20999df2af8eb42d56 -> 
========================================================================
Received Prepare
Registering precompiled user dll's ...
Registered in 0.025382 seconds.
Begin MonoManager ReloadAssembly
Symbol file LoadedFromMemory doesn't match image C:\Users\aki\Runner\Library\PackageCache\com.unity.visualscripting@1.7.8\Editor\VisualScripting.Core\Dependencies\YamlDotNet\Unity.VisualScripting.YamlDotNet.dll
Symbol file LoadedFromMemory doesn't match image C:\Users\aki\Runner\Library\PackageCache\com.unity.visualscripting@1.7.8\Editor\VisualScripting.Core\Dependencies\DotNetZip\Unity.VisualScripting.IonicZip.dll
Native extension for WindowsStandalone target not found
Refreshing native plugins compatible for Editor in 1.06 ms, found 3 plugins.
Preloading 0 native plugins for Editor in 0.00 ms.
Mono: successfully reloaded assembly
- Completed reload, in  1.539 seconds
Domain Reload Profiling:
	ReloadAssembly (1541ms)
		BeginReloadAssembly (211ms)
			ExecutionOrderSort (0ms)
			DisableScriptedObjects (11ms)
			BackupInstance (0ms)
			ReleaseScriptingObjects (0ms)
			CreateAndSetChildDomain (50ms)
		EndReloadAssembly (1165ms)
			LoadAssemblies (139ms)
			RebuildTransferFunctionScriptingTraits (0ms)
			SetupTypeCache (356ms)
			ReleaseScriptCaches (2ms)
			RebuildScriptCaches (60ms)
			SetupLoadedEditorAssemblies (544ms)
				LogAssemblyErrors (0ms)
				InitializePlatformSupportModulesInManaged (19ms)
				SetLoadedEditorAssemblies (1ms)
				RefreshPlugins (2ms)
				BeforeProcessingInitializeOnLoad (110ms)
				ProcessInitializeOnLoadAttributes (359ms)
				ProcessInitializeOnLoadMethodAttributes (33ms)
				AfterProcessingInitializeOnLoad (20ms)
				EditorAssembliesLoaded (0ms)
			ExecutionOrderSort2 (0ms)
			AwakeInstancesAfterBackupRestoration (22ms)
Platform modules already initialized, skipping
Refreshing native plugins compatible for Editor in 1.00 ms, found 3 plugins.
Preloading 0 native plugins for Editor in 0.00 ms.
Unloading 4203 Unused Serialized files (Serialized files now loaded: 0)
Unloading 38 unused Assets / (84.0 KB). Loaded Objects now: 5158.
Memory consumption went from 153.9 MB to 153.8 MB.
Total: 4.465900 ms (FindLiveObjects: 0.604200 ms CreateObjectMapping: 0.175000 ms MarkObjects: 3.576400 ms  DeleteObjects: 0.109200 ms)

AssetImportParameters requested are different than current active one (requested -> active):
  custom:video-decoder-ogg-theora: a1e56fd34408186e4bbccfd4996cb3dc -> 
  custom:container-muxer-webm: aa71ff27fc2769a1b78a27578f13a17b -> 
  custom:container-demuxer-webm: 4f35f7cbe854078d1ac9338744f61a02 -> 
  custom:video-encoder-webm-vp8: eb34c28f22e8b96e1ab97ce403110664 -> 
  custom:audio-encoder-webm-vorbis: bf7c407c2cedff20999df2af8eb42d56 -> 
  custom:framework-win-MediaFoundation: 216162199b28c13a410421893ffa2e32 -> 
  custom:container-demuxer-ogg: 62fdf1f143b41e24485cea50d1cbac27 -> 
  custom:video-decoder-webm-vp8: 9c59270c3fd7afecdb556c50c9e8de78 -> 
  custom:audio-decoder-ogg-vorbis: bf7c407c2cedff20999df2af8eb42d56 -> 
